2024-11-01 09:44:29,794 [1] ERROR log4net.Logger -
Attempted to divide by zero.
System.DivideByZeroException: Attempted to divide by zero.
   at LoggingExample.Divide(Int32 a, Int32 b) in C:\Users\ASUS\Desktop\c#.net\visual studio\log4net\Program.cs:line 24
2024-11-01 09:44:29,832 [1] INFO  log4net.Logger -
Attempted to divide by zero.
System.DivideByZeroException: Attempted to divide by zero.
   at LoggingExample.Divide(Int32 a, Int32 b) in C:\Users\ASUS\Desktop\c#.net\visual studio\log4net\Program.cs:line 24
2024-11-01 09:44:29,834 [1] FATAL log4net.Logger -
Attempted to divide by zero.
System.DivideByZeroException: Attempted to divide by zero.
   at LoggingExample.Divide(Int32 a, Int32 b) in C:\Users\ASUS\Desktop\c#.net\visual studio\log4net\Program.cs:line 24
2024-11-01 09:44:29,835 [1] DEBUG log4net.Logger -
Attempted to divide by zero.
System.DivideByZeroException: Attempted to divide by zero.
   at LoggingExample.Divide(Int32 a, Int32 b) in C:\Users\ASUS\Desktop\c#.net\visual studio\log4net\Program.cs:line 24
2024-11-01 09:44:29,835 [1] WARN  log4net.Logger -
Attempted to divide by zero.
System.DivideByZeroException: Attempted to divide by zero.
   at LoggingExample.Divide(Int32 a, Int32 b) in C:\Users\ASUS\Desktop\c#.net\visual studio\log4net\Program.cs:line 24
